<?xml version="1.0" encoding="UTF-8"?>
<!-- Generated by org.testng.reporters.JUnitReportReporter -->
<testsuite skipped="0" hostname="admins-MacBook-Pro.local" name="elementRepo.base_Script" tests="1" failures="0" timestamp="2023-12-25T10:48:41 IST" time="6.365" errors="0">
  <testcase name="launchBrowser" time="6.365" classname="elementRepo.base_Script"/>
  <system-out>
Browser Launched  </system-out>
</testsuite> <!-- elementRepo.base_Script -->
