<?xml version="1.0" encoding="UTF-8"?>
<!-- Generated by org.testng.reporters.JUnitReportReporter -->
<testsuite skipped="0" hostname="admins-MacBook-Pro.local" name="DW_TC_01" tests="1" failures="0" timestamp="2023-12-26T15:20:53 IST" time="34.399" errors="0">
  <testcase name="checkItemAddToCart" time="34.399" classname="DW_TC_01"/>
  <system-out>
Cart Empty Account ready for testing Clicked on Books Clicked on 'Computing and Internet'  Clicked on 'Add to cart'  Clicked on 'Add to cart Link'  Item is added to cart  </system-out>
</testsuite> <!-- DW_TC_01 -->
