<?xml version="1.0" encoding="UTF-8"?>
<!-- Generated by org.testng.reporters.JUnitReportReporter -->
<testsuite skipped="0" hostname="admins-MacBook-Pro.local" name="DW_TC_07" tests="1" failures="0" timestamp="2023-12-26T00:49:24 IST" time="2.494" errors="0">
  <testcase name="compareList" time="2.494" classname="DW_TC_07"/>
  <system-out>
Clicked on Apparel and shoes from Navigation bar Clicked on Shoes item Recently viewed items list opened Item is added to recently viewed List  </system-out>
</testsuite> <!-- DW_TC_07 -->
