<?xml version="1.0" encoding="UTF-8"?>
<!-- Generated by org.testng.reporters.JUnitReportReporter -->
<testsuite skipped="0" hostname="admins-MacBook-Pro.local" name="Test.Demo" tests="1" failures="0" timestamp="2023-12-22T12:59:04 IST" time="10.084" errors="0">
  <testcase name="demo1" time="10.084" classname="Test.Demo"/>
  <system-out/>
</testsuite> <!-- Test.Demo -->
