<?xml version="1.0" encoding="UTF-8"?>
<!-- Generated by org.testng.reporters.JUnitReportReporter -->
<testsuite skipped="0" hostname="admins-MacBook-Pro.local" name="demo" tests="1" failures="0" timestamp="2023-12-25T10:42:56 IST" time="14.703" errors="0">
  <testcase name="show" time="14.703" classname="demo"/>
  <system-out/>
</testsuite> <!-- demo -->
