<?xml version="1.0" encoding="UTF-8"?>
<!-- Generated by org.testng.reporters.JUnitReportReporter -->
<testsuite skipped="0" hostname="admins-MacBook-Pro.local" name="DW_TC_02_Test" tests="1" failures="0" timestamp="2023-12-27T15:37:32 IST" time="36.998" errors="0">
  <testcase name="removeItemFromCart" time="36.998" classname="DW_TC_02_Test"/>
  <system-out>
Cart Empty Account ready for testing Clicked on Books Clicked on 'Computing and Internet'  Clicked on 'Add to cart'  Clicked on 'Add to cart Link'  Item is added to cart Cart is now empty  </system-out>
</testsuite> <!-- DW_TC_02_Test -->
