<?xml version="1.0" encoding="UTF-8"?>
<!-- Generated by org.testng.reporters.JUnitReportReporter -->
<testsuite skipped="0" hostname="admins-MacBook-Pro.local" name="test1.RunTimeParameter_Test" tests="1" failures="0" timestamp="2023-12-28T15:22:59 IST" time="26.856" errors="0">
  <testcase name="launch" time="26.856" classname="test1.RunTimeParameter_Test"/>
  <system-out/>
</testsuite> <!-- test1.RunTimeParameter_Test -->
