<?xml version="1.0" encoding="UTF-8"?>
<!-- Generated by org.testng.reporters.JUnitReportReporter -->
<testsuite skipped="0" hostname="admins-MacBook-Pro.local" name="DW_TC_03" tests="1" failures="0" timestamp="2023-12-26T12:52:15 IST" time="44.740" errors="0">
  <testcase name="quantityOfItems" time="44.740" classname="DW_TC_03"/>
  <system-out>
Cart Empty Account ready for testing Clicked on Apparel and shoes from Navigation bar Clicked on Shoes item Quantity updated and added to cart Correct quantity is taken into Cart  </system-out>
</testsuite> <!-- DW_TC_03 -->
