<?xml version="1.0" encoding="UTF-8"?>
<!-- Generated by org.testng.reporters.JUnitReportReporter -->
<testsuite skipped="0" hostname="admins-MacBook-Pro.local" name="DW_TC_06" tests="1" failures="0" timestamp="2023-12-26T00:42:45 IST" time="2.961" errors="0">
  <testcase name="compareList" time="2.961" classname="DW_TC_06"/>
  <system-out>
Clicked on Apparel and shoes from Navigation bar Clicked on Shoes item Clicked on Add to Compare list Compare list opened Item successfully added to Compare list  </system-out>
</testsuite> <!-- DW_TC_06 -->
