<?xml version="1.0" encoding="UTF-8"?>
<!-- Generated by org.testng.reporters.JUnitReportReporter -->
<testsuite skipped="0" hostname="admins-MacBook-Pro.local" name="DW_TC_08" tests="1" failures="0" timestamp="2023-12-26T14:36:43 IST" time="17.925" errors="0">
  <testcase name="register" time="17.925" classname="DW_TC_08"/>
  <system-out>
Gender selected  successfully First name entered  successfully Last name entered  successfully Email entered  successfully Password entered  successfully Confirm password entered  successfully Successfully clicked on Register button User registration successfull  </system-out>
</testsuite> <!-- DW_TC_08 -->
