<?xml version="1.0" encoding="UTF-8"?>
<!-- Generated by org.testng.reporters.JUnitReportReporter -->
<testsuite skipped="0" hostname="admins-MacBook-Pro.local" name="DW_TC_04" tests="1" failures="0" timestamp="2023-12-26T15:34:15 IST" time="40.694" errors="0">
  <testcase name="placeOrder" time="40.694" classname="DW_TC_04"/>
  <system-out>
Cart Empty Account ready for testing Clicked on Books Clicked on 'Computing and Internet'  Clicked on 'Add to cart'  Clicked on 'Add to cart Link'  Item is added to cart Terms and conditions checkBox selected Clicked on CheckOut Button Order placed successfully  </system-out>
</testsuite> <!-- DW_TC_04 -->
