<?xml version="1.0" encoding="UTF-8"?>
<!-- Generated by org.testng.reporters.JUnitReportReporter -->
<testsuite skipped="0" hostname="admins-MacBook-Pro.local" name="DW_TC_01_Test" tests="1" failures="0" timestamp="2023-12-27T10:50:06 IST" time="35.193" errors="0">
  <testcase name="checkItemAddToCart" time="35.193" classname="DW_TC_01_Test"/>
  <system-out>
Cart Empty Account ready for testing Clicked on Books Clicked on 'Computing and Internet'  Clicked on 'Add to cart'  Clicked on 'Add to cart Link'   </system-out>
</testsuite> <!-- DW_TC_01_Test -->
